Using pre-set license
Built from '2020.3/staging' branch; Version is '2020.3.17f1 (a4537701e4ab) revision 10769271'; Using compiler version '192528614'; Build Type 'Release'
OS: 'Windows 10 Pro; OS build 19045.2965; Version 2009; 64bit' Language: 'ko' Physical Memory: 16322 MB
BatchMode: 1, IsHumanControllingUs: 0, StartBugReporterOnCrash: 0, Is64bit: 1, IsPro: 0

COMMAND LINE ARGUMENTS:
C:\UnityEditor\2020.3.17f1\Editor\Unity.exe
-adb2
-batchMode
-noUpm
-name
AssetImportWorker0
-projectPath
D:/Unity_Projects_Folder/Sense of Speed
-logFile
Logs/AssetImportWorker0.log
-srvPort
63543
Successfully changed project path to: D:/Unity_Projects_Folder/Sense of Speed
D:/Unity_Projects_Folder/Sense of Speed
Using Asset Import Pipeline V2.
Refreshing native plugins compatible for Editor in 31.49 ms, found 2 plugins.
Preloading 0 native plugins for Editor in 0.00 ms.
Initialize engine version: 2020.3.17f1 (a4537701e4ab)
[Subsystems] Discovering subsystems at path C:/UnityEditor/2020.3.17f1/Editor/Data/Resources/UnitySubsystems
[Subsystems] Discovering subsystems at path D:/Unity_Projects_Folder/Sense of Speed/Assets
GfxDevice: creating device client; threaded=0
Direct3D:
    Version:  Direct3D 11.0 [level 11.1]
    Renderer: NVIDIA GeForce RTX 2060 SUPER (ID=0x1f06)
    Vendor:   
    VRAM:     8019 MB
    Driver:   31.0.15.3118
Initialize mono
Mono path[0] = 'C:/UnityEditor/2020.3.17f1/Editor/Data/Managed'
Mono path[1] = 'C:/UnityEditor/2020.3.17f1/Editor/Data/MonoBleedingEdge/lib/mono/unityjit'
Mono config path = 'C:/UnityEditor/2020.3.17f1/Editor/Data/MonoBleedingEdge/etc'
Using monoOptions --debugger-agent=transport=dt_socket,embedding=1,server=y,suspend=n,address=127.0.0.1:56004
Begin MonoManager ReloadAssembly
Registering precompiled unity dll's ...
Register platform support module: C:/UnityEditor/2020.3.17f1/Editor/Data/PlaybackEngines/WindowsStandaloneSupport/UnityEditor.WindowsStandalone.Extensions.dll
Registered in 0.004180 seconds.
Native extension for WindowsStandalone target not found
Refreshing native plugins compatible for Editor in 27.37 ms, found 2 plugins.
Preloading 0 native plugins for Editor in 0.00 ms.
Mono: successfully reloaded assembly
- Completed reload, in  2.517 seconds
Domain Reload Profiling:
	ReloadAssembly (2517ms)
		BeginReloadAssembly (73ms)
			ExecutionOrderSort (0ms)
			DisableScriptedObjects (0ms)
			BackupInstance (0ms)
			ReleaseScriptingObjects (0ms)
			CreateAndSetChildDomain (1ms)
		EndReloadAssembly (415ms)
			LoadAssemblies (68ms)
			RebuildTransferFunctionScriptingTraits (0ms)
			SetupTypeCache (142ms)
			ReleaseScriptCaches (0ms)
			RebuildScriptCaches (32ms)
			SetupLoadedEditorAssemblies (153ms)
				LogAssemblyErrors (0ms)
				InitializePlatformSupportModulesInManaged (4ms)
				SetLoadedEditorAssemblies (0ms)
				RefreshPlugins (27ms)
				BeforeProcessingInitializeOnLoad (16ms)
				ProcessInitializeOnLoadAttributes (79ms)
				ProcessInitializeOnLoadMethodAttributes (26ms)
				AfterProcessingInitializeOnLoad (0ms)
				EditorAssembliesLoaded (0ms)
			ExecutionOrderSort2 (0ms)
			AwakeInstancesAfterBackupRestoration (0ms)
Platform modules already initialized, skipping
Registering precompiled user dll's ...
Registered in 0.003465 seconds.
Begin MonoManager ReloadAssembly
Native extension for WindowsStandalone target not found
Refreshing native plugins compatible for Editor in 0.35 ms, found 2 plugins.
Preloading 0 native plugins for Editor in 0.00 ms.
Mono: successfully reloaded assembly
- Completed reload, in  1.130 seconds
Domain Reload Profiling:
	ReloadAssembly (1131ms)
		BeginReloadAssembly (163ms)
			ExecutionOrderSort (0ms)
			DisableScriptedObjects (4ms)
			BackupInstance (0ms)
			ReleaseScriptingObjects (0ms)
			CreateAndSetChildDomain (22ms)
		EndReloadAssembly (901ms)
			LoadAssemblies (96ms)
			RebuildTransferFunctionScriptingTraits (0ms)
			SetupTypeCache (276ms)
			ReleaseScriptCaches (0ms)
			RebuildScriptCaches (48ms)
			SetupLoadedEditorAssemblies (403ms)
				LogAssemblyErrors (0ms)
				InitializePlatformSupportModulesInManaged (5ms)
				SetLoadedEditorAssemblies (0ms)
				RefreshPlugins (0ms)
				BeforeProcessingInitializeOnLoad (85ms)
				ProcessInitializeOnLoadAttributes (294ms)
				ProcessInitializeOnLoadMethodAttributes (4ms)
				AfterProcessingInitializeOnLoad (13ms)
				EditorAssembliesLoaded (0ms)
			ExecutionOrderSort2 (0ms)
			AwakeInstancesAfterBackupRestoration (6ms)
Platform modules already initialized, skipping
========================================================================
Worker process is ready to serve import requests
Launched and connected shader compiler UnityShaderCompiler.exe after 0.05 seconds
Refreshing native plugins compatible for Editor in 0.28 ms, found 2 plugins.
Preloading 0 native plugins for Editor in 0.00 ms.
Unloading 1443 Unused Serialized files (Serialized files now loaded: 0)
System memory in use before: 87.5 MB.
System memory in use after: 87.6 MB.

Unloading 17 unused Assets to reduce memory usage. Loaded Objects now: 1899.
Total: 2.693200 ms (FindLiveObjects: 0.161800 ms CreateObjectMapping: 0.052000 ms MarkObjects: 2.459600 ms  DeleteObjects: 0.018900 ms)

AssetImportParameters requested are different than current active one (requested -> active):
  custom:framework-win-MediaFoundation: 216162199b28c13a410421893ffa2e32 -> 
  custom:video-decoder-ogg-theora: a1e56fd34408186e4bbccfd4996cb3dc -> 
  custom:container-muxer-webm: aa71ff27fc2769a1b78a27578f13a17b -> 
  custom:container-demuxer-webm: 4f35f7cbe854078d1ac9338744f61a02 -> 
  custom:container-demuxer-ogg: 62fdf1f143b41e24485cea50d1cbac27 -> 
  custom:video-encoder-webm-vp8: eb34c28f22e8b96e1ab97ce403110664 -> 
  custom:video-decoder-webm-vp8: 9c59270c3fd7afecdb556c50c9e8de78 -> 
  custom:audio-decoder-ogg-vorbis: bf7c407c2cedff20999df2af8eb42d56 -> 
  custom:audio-encoder-webm-vorbis: bf7c407c2cedff20999df2af8eb42d56 -> 
========================================================================
Received Import Request.
  path: Assets/Test/TEst_effect.cs
  artifactKey: Guid(dc4174033f711354e8e0dd9ac6adf0f7) Importer(815301076,1909f56bfc062723c751e8b465ee728b)
Start importing Assets/Test/TEst_effect.cs using Guid(dc4174033f711354e8e0dd9ac6adf0f7) Importer(815301076,1909f56bfc062723c751e8b465ee728b)  -> (artifact id: '00000000000000000000000000000000') in 0.021518 seconds  code(4) message(Build asset version error: assets/test/test_effect.cs in SourceAssetDB has modification time of '2023-06-11T13:07:58.7827643Z' while content on disk has modification time of '2023-06-11T13:09:06.9408955Z')
  ERROR: Build asset version error: assets/test/test_effect.cs in SourceAssetDB has modification time of '2023-06-11T13:07:58.7827643Z' while content on disk has modification time of '2023-06-11T13:09:06.9408955Z'
  Import took 0.023350 seconds .

========================================================================
Received Import Request.
  Time since last request: 0.071947 seconds.
  path: Assets/Test/TEst_effect.cs
  artifactKey: Guid(dc4174033f711354e8e0dd9ac6adf0f7) Importer(815301076,1909f56bfc062723c751e8b465ee728b)
Start importing Assets/Test/TEst_effect.cs using Guid(dc4174033f711354e8e0dd9ac6adf0f7) Importer(815301076,1909f56bfc062723c751e8b465ee728b)  -> (artifact id: '00000000000000000000000000000000') in 0.000186 seconds  code(4) message(Build asset version error: assets/test/test_effect.cs in SourceAssetDB has modification time of '2023-06-11T13:07:58.7827643Z' while content on disk has modification time of '2023-06-11T13:09:06.9408955Z')
  ERROR: Build asset version error: assets/test/test_effect.cs in SourceAssetDB has modification time of '2023-06-11T13:07:58.7827643Z' while content on disk has modification time of '2023-06-11T13:09:06.9408955Z'
  Import took 0.001874 seconds .

========================================================================
Received Import Request.
  Time since last request: 0.021475 seconds.
  path: Assets/Test/TEst_effect.cs
  artifactKey: Guid(dc4174033f711354e8e0dd9ac6adf0f7) Importer(815301076,1909f56bfc062723c751e8b465ee728b)
Start importing Assets/Test/TEst_effect.cs using Guid(dc4174033f711354e8e0dd9ac6adf0f7) Importer(815301076,1909f56bfc062723c751e8b465ee728b)  -> (artifact id: '00000000000000000000000000000000') in 0.000206 seconds  code(4) message(Build asset version error: assets/test/test_effect.cs in SourceAssetDB has modification time of '2023-06-11T13:07:58.7827643Z' while content on disk has modification time of '2023-06-11T13:09:06.9408955Z')
  ERROR: Build asset version error: assets/test/test_effect.cs in SourceAssetDB has modification time of '2023-06-11T13:07:58.7827643Z' while content on disk has modification time of '2023-06-11T13:09:06.9408955Z'
  Import took 0.002278 seconds .

========================================================================
Received Import Request.
  Time since last request: 0.022146 seconds.
  path: Assets/Test/TEst_effect.cs
  artifactKey: Guid(dc4174033f711354e8e0dd9ac6adf0f7) Importer(815301076,1909f56bfc062723c751e8b465ee728b)
Start importing Assets/Test/TEst_effect.cs using Guid(dc4174033f711354e8e0dd9ac6adf0f7) Importer(815301076,1909f56bfc062723c751e8b465ee728b)  -> (artifact id: '00000000000000000000000000000000') in 0.000188 seconds  code(4) message(Build asset version error: assets/test/test_effect.cs in SourceAssetDB has modification time of '2023-06-11T13:07:58.7827643Z' while content on disk has modification time of '2023-06-11T13:09:06.9408955Z')
  ERROR: Build asset version error: assets/test/test_effect.cs in SourceAssetDB has modification time of '2023-06-11T13:07:58.7827643Z' while content on disk has modification time of '2023-06-11T13:09:06.9408955Z'
  Import took 0.001892 seconds .

========================================================================
Received Import Request.
  Time since last request: 0.021213 seconds.
  path: Assets/Test/TEst_effect.cs
  artifactKey: Guid(dc4174033f711354e8e0dd9ac6adf0f7) Importer(815301076,1909f56bfc062723c751e8b465ee728b)
Start importing Assets/Test/TEst_effect.cs using Guid(dc4174033f711354e8e0dd9ac6adf0f7) Importer(815301076,1909f56bfc062723c751e8b465ee728b)  -> (artifact id: '00000000000000000000000000000000') in 0.000237 seconds  code(4) message(Build asset version error: assets/test/test_effect.cs in SourceAssetDB has modification time of '2023-06-11T13:07:58.7827643Z' while content on disk has modification time of '2023-06-11T13:09:06.9408955Z')
  ERROR: Build asset version error: assets/test/test_effect.cs in SourceAssetDB has modification time of '2023-06-11T13:07:58.7827643Z' while content on disk has modification time of '2023-06-11T13:09:06.9408955Z'
  Import took 0.002554 seconds .

========================================================================
Received Import Request.
  Time since last request: 0.020826 seconds.
  path: Assets/Test/TEst_effect.cs
  artifactKey: Guid(dc4174033f711354e8e0dd9ac6adf0f7) Importer(815301076,1909f56bfc062723c751e8b465ee728b)
Start importing Assets/Test/TEst_effect.cs using Guid(dc4174033f711354e8e0dd9ac6adf0f7) Importer(815301076,1909f56bfc062723c751e8b465ee728b)  -> (artifact id: '00000000000000000000000000000000') in 0.000199 seconds  code(4) message(Build asset version error: assets/test/test_effect.cs in SourceAssetDB has modification time of '2023-06-11T13:07:58.7827643Z' while content on disk has modification time of '2023-06-11T13:09:06.9408955Z')
  ERROR: Build asset version error: assets/test/test_effect.cs in SourceAssetDB has modification time of '2023-06-11T13:07:58.7827643Z' while content on disk has modification time of '2023-06-11T13:09:06.9408955Z'
  Import took 0.001983 seconds .

========================================================================
Received Import Request.
  Time since last request: 0.025411 seconds.
  path: Assets/Test/TEst_effect.cs
  artifactKey: Guid(dc4174033f711354e8e0dd9ac6adf0f7) Importer(815301076,1909f56bfc062723c751e8b465ee728b)
Start importing Assets/Test/TEst_effect.cs using Guid(dc4174033f711354e8e0dd9ac6adf0f7) Importer(815301076,1909f56bfc062723c751e8b465ee728b)  -> (artifact id: '00000000000000000000000000000000') in 0.000187 seconds  code(4) message(Build asset version error: assets/test/test_effect.cs in SourceAssetDB has modification time of '2023-06-11T13:07:58.7827643Z' while content on disk has modification time of '2023-06-11T13:09:06.9408955Z')
  ERROR: Build asset version error: assets/test/test_effect.cs in SourceAssetDB has modification time of '2023-06-11T13:07:58.7827643Z' while content on disk has modification time of '2023-06-11T13:09:06.9408955Z'
  Import took 0.001921 seconds .

========================================================================
Received Import Request.
  Time since last request: 0.024714 seconds.
  path: Assets/Test/TEst_effect.cs
  artifactKey: Guid(dc4174033f711354e8e0dd9ac6adf0f7) Importer(815301076,1909f56bfc062723c751e8b465ee728b)
Start importing Assets/Test/TEst_effect.cs using Guid(dc4174033f711354e8e0dd9ac6adf0f7) Importer(815301076,1909f56bfc062723c751e8b465ee728b)  -> (artifact id: '00000000000000000000000000000000') in 0.000174 seconds  code(4) message(Build asset version error: assets/test/test_effect.cs in SourceAssetDB has modification time of '2023-06-11T13:07:58.7827643Z' while content on disk has modification time of '2023-06-11T13:09:06.9408955Z')
  ERROR: Build asset version error: assets/test/test_effect.cs in SourceAssetDB has modification time of '2023-06-11T13:07:58.7827643Z' while content on disk has modification time of '2023-06-11T13:09:06.9408955Z'
  Import took 0.001825 seconds .

========================================================================
Received Import Request.
  Time since last request: 0.020317 seconds.
  path: Assets/Test/TEst_effect.cs
  artifactKey: Guid(dc4174033f711354e8e0dd9ac6adf0f7) Importer(815301076,1909f56bfc062723c751e8b465ee728b)
Start importing Assets/Test/TEst_effect.cs using Guid(dc4174033f711354e8e0dd9ac6adf0f7) Importer(815301076,1909f56bfc062723c751e8b465ee728b)  -> (artifact id: '00000000000000000000000000000000') in 0.000182 seconds  code(4) message(Build asset version error: assets/test/test_effect.cs in SourceAssetDB has modification time of '2023-06-11T13:07:58.7827643Z' while content on disk has modification time of '2023-06-11T13:09:06.9408955Z')
  ERROR: Build asset version error: assets/test/test_effect.cs in SourceAssetDB has modification time of '2023-06-11T13:07:58.7827643Z' while content on disk has modification time of '2023-06-11T13:09:06.9408955Z'
  Import took 0.002777 seconds .

========================================================================
Received Import Request.
  Time since last request: 0.020369 seconds.
  path: Assets/Test/TEst_effect.cs
  artifactKey: Guid(dc4174033f711354e8e0dd9ac6adf0f7) Importer(815301076,1909f56bfc062723c751e8b465ee728b)
Start importing Assets/Test/TEst_effect.cs using Guid(dc4174033f711354e8e0dd9ac6adf0f7) Importer(815301076,1909f56bfc062723c751e8b465ee728b)  -> (artifact id: '00000000000000000000000000000000') in 0.000175 seconds  code(4) message(Build asset version error: assets/test/test_effect.cs in SourceAssetDB has modification time of '2023-06-11T13:07:58.7827643Z' while content on disk has modification time of '2023-06-11T13:09:06.9408955Z')
  ERROR: Build asset version error: assets/test/test_effect.cs in SourceAssetDB has modification time of '2023-06-11T13:07:58.7827643Z' while content on disk has modification time of '2023-06-11T13:09:06.9408955Z'
  Import took 0.001794 seconds .

========================================================================
Received Import Request.
  Time since last request: 0.022343 seconds.
  path: Assets/Test/TEst_effect.cs
  artifactKey: Guid(dc4174033f711354e8e0dd9ac6adf0f7) Importer(815301076,1909f56bfc062723c751e8b465ee728b)
Start importing Assets/Test/TEst_effect.cs using Guid(dc4174033f711354e8e0dd9ac6adf0f7) Importer(815301076,1909f56bfc062723c751e8b465ee728b)  -> (artifact id: '00000000000000000000000000000000') in 0.000200 seconds  code(4) message(Build asset version error: assets/test/test_effect.cs in SourceAssetDB has modification time of '2023-06-11T13:07:58.7827643Z' while content on disk has modification time of '2023-06-11T13:09:06.9408955Z')
  ERROR: Build asset version error: assets/test/test_effect.cs in SourceAssetDB has modification time of '2023-06-11T13:07:58.7827643Z' while content on disk has modification time of '2023-06-11T13:09:06.9408955Z'
  Import took 0.001999 seconds .

========================================================================
Received Import Request.
  Time since last request: 0.019960 seconds.
  path: Assets/Test/TEst_effect.cs
  artifactKey: Guid(dc4174033f711354e8e0dd9ac6adf0f7) Importer(815301076,1909f56bfc062723c751e8b465ee728b)
Start importing Assets/Test/TEst_effect.cs using Guid(dc4174033f711354e8e0dd9ac6adf0f7) Importer(815301076,1909f56bfc062723c751e8b465ee728b)  -> (artifact id: '00000000000000000000000000000000') in 0.000185 seconds  code(4) message(Build asset version error: assets/test/test_effect.cs in SourceAssetDB has modification time of '2023-06-11T13:07:58.7827643Z' while content on disk has modification time of '2023-06-11T13:09:06.9408955Z')
  ERROR: Build asset version error: assets/test/test_effect.cs in SourceAssetDB has modification time of '2023-06-11T13:07:58.7827643Z' while content on disk has modification time of '2023-06-11T13:09:06.9408955Z'
  Import took 0.001952 seconds .

========================================================================
Received Import Request.
  Time since last request: 0.019587 seconds.
  path: Assets/Test/TEst_effect.cs
  artifactKey: Guid(dc4174033f711354e8e0dd9ac6adf0f7) Importer(815301076,1909f56bfc062723c751e8b465ee728b)
Start importing Assets/Test/TEst_effect.cs using Guid(dc4174033f711354e8e0dd9ac6adf0f7) Importer(815301076,1909f56bfc062723c751e8b465ee728b)  -> (artifact id: '00000000000000000000000000000000') in 0.000183 seconds  code(4) message(Build asset version error: assets/test/test_effect.cs in SourceAssetDB has modification time of '2023-06-11T13:07:58.7827643Z' while content on disk has modification time of '2023-06-11T13:09:06.9408955Z')
  ERROR: Build asset version error: assets/test/test_effect.cs in SourceAssetDB has modification time of '2023-06-11T13:07:58.7827643Z' while content on disk has modification time of '2023-06-11T13:09:06.9408955Z'
  Import took 0.001917 seconds .

========================================================================
Received Import Request.
  Time since last request: 0.021629 seconds.
  path: Assets/Test/TEst_effect.cs
  artifactKey: Guid(dc4174033f711354e8e0dd9ac6adf0f7) Importer(815301076,1909f56bfc062723c751e8b465ee728b)
Start importing Assets/Test/TEst_effect.cs using Guid(dc4174033f711354e8e0dd9ac6adf0f7) Importer(815301076,1909f56bfc062723c751e8b465ee728b)  -> (artifact id: '00000000000000000000000000000000') in 0.000179 seconds  code(4) message(Build asset version error: assets/test/test_effect.cs in SourceAssetDB has modification time of '2023-06-11T13:07:58.7827643Z' while content on disk has modification time of '2023-06-11T13:09:06.9408955Z')
  ERROR: Build asset version error: assets/test/test_effect.cs in SourceAssetDB has modification time of '2023-06-11T13:07:58.7827643Z' while content on disk has modification time of '2023-06-11T13:09:06.9408955Z'
  Import took 0.001850 seconds .

========================================================================
Received Import Request.
  Time since last request: 0.021162 seconds.
  path: Assets/Test/TEst_effect.cs
  artifactKey: Guid(dc4174033f711354e8e0dd9ac6adf0f7) Importer(815301076,1909f56bfc062723c751e8b465ee728b)
Start importing Assets/Test/TEst_effect.cs using Guid(dc4174033f711354e8e0dd9ac6adf0f7) Importer(815301076,1909f56bfc062723c751e8b465ee728b)  -> (artifact id: '00000000000000000000000000000000') in 0.000273 seconds  code(4) message(Build asset version error: assets/test/test_effect.cs in SourceAssetDB has modification time of '2023-06-11T13:07:58.7827643Z' while content on disk has modification time of '2023-06-11T13:09:06.9408955Z')
  ERROR: Build asset version error: assets/test/test_effect.cs in SourceAssetDB has modification time of '2023-06-11T13:07:58.7827643Z' while content on disk has modification time of '2023-06-11T13:09:06.9408955Z'
  Import took 0.002182 seconds .

========================================================================
Received Import Request.
  Time since last request: 0.019979 seconds.
  path: Assets/Test/TEst_effect.cs
  artifactKey: Guid(dc4174033f711354e8e0dd9ac6adf0f7) Importer(815301076,1909f56bfc062723c751e8b465ee728b)
Start importing Assets/Test/TEst_effect.cs using Guid(dc4174033f711354e8e0dd9ac6adf0f7) Importer(815301076,1909f56bfc062723c751e8b465ee728b)  -> (artifact id: '00000000000000000000000000000000') in 0.000200 seconds  code(4) message(Build asset version error: assets/test/test_effect.cs in SourceAssetDB has modification time of '2023-06-11T13:07:58.7827643Z' while content on disk has modification time of '2023-06-11T13:09:06.9408955Z')
  ERROR: Build asset version error: assets/test/test_effect.cs in SourceAssetDB has modification time of '2023-06-11T13:07:58.7827643Z' while content on disk has modification time of '2023-06-11T13:09:06.9408955Z'
  Import took 0.001939 seconds .

========================================================================
Received Import Request.
  Time since last request: 0.023281 seconds.
  path: Assets/Test/TEst_effect.cs
  artifactKey: Guid(dc4174033f711354e8e0dd9ac6adf0f7) Importer(815301076,1909f56bfc062723c751e8b465ee728b)
Start importing Assets/Test/TEst_effect.cs using Guid(dc4174033f711354e8e0dd9ac6adf0f7) Importer(815301076,1909f56bfc062723c751e8b465ee728b)  -> (artifact id: '00000000000000000000000000000000') in 0.000178 seconds  code(4) message(Build asset version error: assets/test/test_effect.cs in SourceAssetDB has modification time of '2023-06-11T13:07:58.7827643Z' while content on disk has modification time of '2023-06-11T13:09:06.9408955Z')
  ERROR: Build asset version error: assets/test/test_effect.cs in SourceAssetDB has modification time of '2023-06-11T13:07:58.7827643Z' while content on disk has modification time of '2023-06-11T13:09:06.9408955Z'
  Import took 0.001828 seconds .

========================================================================
Received Import Request.
  Time since last request: 0.020500 seconds.
  path: Assets/Test/TEst_effect.cs
  artifactKey: Guid(dc4174033f711354e8e0dd9ac6adf0f7) Importer(815301076,1909f56bfc062723c751e8b465ee728b)
Start importing Assets/Test/TEst_effect.cs using Guid(dc4174033f711354e8e0dd9ac6adf0f7) Importer(815301076,1909f56bfc062723c751e8b465ee728b)  -> (artifact id: '00000000000000000000000000000000') in 0.000223 seconds  code(4) message(Build asset version error: assets/test/test_effect.cs in SourceAssetDB has modification time of '2023-06-11T13:07:58.7827643Z' while content on disk has modification time of '2023-06-11T13:09:06.9408955Z')
  ERROR: Build asset version error: assets/test/test_effect.cs in SourceAssetDB has modification time of '2023-06-11T13:07:58.7827643Z' while content on disk has modification time of '2023-06-11T13:09:06.9408955Z'
  Import took 0.001863 seconds .

========================================================================
Received Import Request.
  Time since last request: 0.022549 seconds.
  path: Assets/Test/TEst_effect.cs
  artifactKey: Guid(dc4174033f711354e8e0dd9ac6adf0f7) Importer(815301076,1909f56bfc062723c751e8b465ee728b)
Start importing Assets/Test/TEst_effect.cs using Guid(dc4174033f711354e8e0dd9ac6adf0f7) Importer(815301076,1909f56bfc062723c751e8b465ee728b)  -> (artifact id: '00000000000000000000000000000000') in 0.000179 seconds  code(4) message(Build asset version error: assets/test/test_effect.cs in SourceAssetDB has modification time of '2023-06-11T13:07:58.7827643Z' while content on disk has modification time of '2023-06-11T13:09:06.9408955Z')
  ERROR: Build asset version error: assets/test/test_effect.cs in SourceAssetDB has modification time of '2023-06-11T13:07:58.7827643Z' while content on disk has modification time of '2023-06-11T13:09:06.9408955Z'
  Import took 0.001838 seconds .

========================================================================
Received Import Request.
  Time since last request: 0.020372 seconds.
  path: Assets/Test/TEst_effect.cs
  artifactKey: Guid(dc4174033f711354e8e0dd9ac6adf0f7) Importer(815301076,1909f56bfc062723c751e8b465ee728b)
Start importing Assets/Test/TEst_effect.cs using Guid(dc4174033f711354e8e0dd9ac6adf0f7) Importer(815301076,1909f56bfc062723c751e8b465ee728b)  -> (artifact id: '00000000000000000000000000000000') in 0.000345 seconds  code(4) message(Build asset version error: assets/test/test_effect.cs in SourceAssetDB has modification time of '2023-06-11T13:07:58.7827643Z' while content on disk has modification time of '2023-06-11T13:09:06.9408955Z')
  ERROR: Build asset version error: assets/test/test_effect.cs in SourceAssetDB has modification time of '2023-06-11T13:07:58.7827643Z' while content on disk has modification time of '2023-06-11T13:09:06.9408955Z'
  Import took 0.002406 seconds .

========================================================================
Received Import Request.
  Time since last request: 0.020962 seconds.
  path: Assets/Test/TEst_effect.cs
  artifactKey: Guid(dc4174033f711354e8e0dd9ac6adf0f7) Importer(815301076,1909f56bfc062723c751e8b465ee728b)
Start importing Assets/Test/TEst_effect.cs using Guid(dc4174033f711354e8e0dd9ac6adf0f7) Importer(815301076,1909f56bfc062723c751e8b465ee728b)  -> (artifact id: '00000000000000000000000000000000') in 0.000174 seconds  code(4) message(Build asset version error: assets/test/test_effect.cs in SourceAssetDB has modification time of '2023-06-11T13:07:58.7827643Z' while content on disk has modification time of '2023-06-11T13:09:06.9408955Z')
  ERROR: Build asset version error: assets/test/test_effect.cs in SourceAssetDB has modification time of '2023-06-11T13:07:58.7827643Z' while content on disk has modification time of '2023-06-11T13:09:06.9408955Z'
  Import took 0.001845 seconds .

========================================================================
Received Import Request.
  Time since last request: 0.020059 seconds.
  path: Assets/Test/TEst_effect.cs
  artifactKey: Guid(dc4174033f711354e8e0dd9ac6adf0f7) Importer(815301076,1909f56bfc062723c751e8b465ee728b)
Start importing Assets/Test/TEst_effect.cs using Guid(dc4174033f711354e8e0dd9ac6adf0f7) Importer(815301076,1909f56bfc062723c751e8b465ee728b)  -> (artifact id: '00000000000000000000000000000000') in 0.000228 seconds  code(4) message(Build asset version error: assets/test/test_effect.cs in SourceAssetDB has modification time of '2023-06-11T13:07:58.7827643Z' while content on disk has modification time of '2023-06-11T13:09:06.9408955Z')
  ERROR: Build asset version error: assets/test/test_effect.cs in SourceAssetDB has modification time of '2023-06-11T13:07:58.7827643Z' while content on disk has modification time of '2023-06-11T13:09:06.9408955Z'
  Import took 0.002719 seconds .

========================================================================
Received Import Request.
  Time since last request: 0.035661 seconds.
  path: Assets/Test/TEst_effect.cs
  artifactKey: Guid(dc4174033f711354e8e0dd9ac6adf0f7) Importer(815301076,1909f56bfc062723c751e8b465ee728b)
Start importing Assets/Test/TEst_effect.cs using Guid(dc4174033f711354e8e0dd9ac6adf0f7) Importer(815301076,1909f56bfc062723c751e8b465ee728b)  -> (artifact id: '1ee70d39a5e91f25673e195d9a4da23c') in 0.003441 seconds 
  Import took 0.032422 seconds .

========================================================================
Received Prepare
Registering precompiled user dll's ...
Registered in 0.003775 seconds.
Begin MonoManager ReloadAssembly
Native extension for WindowsStandalone target not found
Refreshing native plugins compatible for Editor in 0.29 ms, found 2 plugins.
Preloading 0 native plugins for Editor in 0.00 ms.
Mono: successfully reloaded assembly
- Completed reload, in  1.022 seconds
Domain Reload Profiling:
	ReloadAssembly (1022ms)
		BeginReloadAssembly (119ms)
			ExecutionOrderSort (0ms)
			DisableScriptedObjects (4ms)
			BackupInstance (0ms)
			ReleaseScriptingObjects (0ms)
			CreateAndSetChildDomain (29ms)
		EndReloadAssembly (839ms)
			LoadAssemblies (95ms)
			RebuildTransferFunctionScriptingTraits (0ms)
			SetupTypeCache (250ms)
			ReleaseScriptCaches (1ms)
			RebuildScriptCaches (37ms)
			SetupLoadedEditorAssemblies (366ms)
				LogAssemblyErrors (0ms)
				InitializePlatformSupportModulesInManaged (5ms)
				SetLoadedEditorAssemblies (0ms)
				RefreshPlugins (0ms)
				BeforeProcessingInitializeOnLoad (74ms)
				ProcessInitializeOnLoadAttributes (270ms)
				ProcessInitializeOnLoadMethodAttributes (4ms)
				AfterProcessingInitializeOnLoad (12ms)
				EditorAssembliesLoaded (0ms)
			ExecutionOrderSort2 (0ms)
			AwakeInstancesAfterBackupRestoration (6ms)
Platform modules already initialized, skipping
Switching build target platform(19) subTarget(0) extendedPlatform(0) -> platform(13) subTarget(589824) extendedPlatform(0)
Refreshing native plugins compatible for Editor in 0.30 ms, found 2 plugins.
Preloading 0 native plugins for Editor in 0.00 ms.
Unloading 1427 Unused Serialized files (Serialized files now loaded: 0)
System memory in use before: 86.0 MB.
System memory in use after: 86.1 MB.

Unloading 13 unused Assets to reduce memory usage. Loaded Objects now: 1901.
Total: 2.525900 ms (FindLiveObjects: 0.142800 ms CreateObjectMapping: 0.035500 ms MarkObjects: 2.332700 ms  DeleteObjects: 0.014200 ms)

AssetImportParameters requested are different than current active one (requested -> active):
  custom:framework-win-MediaFoundation: 216162199b28c13a410421893ffa2e32 -> 
  custom:video-decoder-ogg-theora: a1e56fd34408186e4bbccfd4996cb3dc -> 
  custom:container-muxer-webm: aa71ff27fc2769a1b78a27578f13a17b -> 
  custom:container-demuxer-webm: 4f35f7cbe854078d1ac9338744f61a02 -> 
  custom:container-demuxer-ogg: 62fdf1f143b41e24485cea50d1cbac27 -> 
  custom:video-encoder-webm-vp8: eb34c28f22e8b96e1ab97ce403110664 -> 
  custom:video-decoder-webm-vp8: 9c59270c3fd7afecdb556c50c9e8de78 -> 
  custom:graphics/normal-map-encoding: 01000000000000000000000000000000 -> 02000000000000000000000000000000
  custom:audio-decoder-ogg-vorbis: bf7c407c2cedff20999df2af8eb42d56 -> 
  custom:audio-encoder-webm-vorbis: bf7c407c2cedff20999df2af8eb42d56 -> 
AssetImportWorkerClient::OnTransportError - code=2 error=End of file
